[0.503s] Invoking command in '/home/prjadmin/Desktop/kipp_resources/kipp_arm_description': PYTHONPATH=/home/prjadmin/Desktop/kipp_resources/build/kipp_arm_description/prefix_override:/usr/lib/python3/dist-packages/colcon_core/task/python/colcon_distutils_commands:/home/prjadmin/Desktop/kipp_resources/install/kipp_arm_description/lib/python3.10/site-packages:${PYTHONPATH} /usr/bin/python3 -W ignore:setup.py install is deprecated setup.py egg_info --egg-base ../build/kipp_arm_description build --build-base /home/prjadmin/Desktop/kipp_resources/build/kipp_arm_description/build install --record /home/prjadmin/Desktop/kipp_resources/build/kipp_arm_description/install.log --single-version-externally-managed install_data
[0.670s] running egg_info
[0.671s] writing ../build/kipp_arm_description/kipp_arm_description.egg-info/PKG-INFO
[0.671s] writing dependency_links to ../build/kipp_arm_description/kipp_arm_description.egg-info/dependency_links.txt
[0.671s] writing entry points to ../build/kipp_arm_description/kipp_arm_description.egg-info/entry_points.txt
[0.671s] writing requirements to ../build/kipp_arm_description/kipp_arm_description.egg-info/requires.txt
[0.671s] writing top-level names to ../build/kipp_arm_description/kipp_arm_description.egg-info/top_level.txt
[0.673s] reading manifest file '../build/kipp_arm_description/kipp_arm_description.egg-info/SOURCES.txt'
[0.673s] writing manifest file '../build/kipp_arm_description/kipp_arm_description.egg-info/SOURCES.txt'
[0.673s] running build
[0.673s] running build_py
[0.674s] running install
[0.674s] running install_lib
[0.675s] running install_data
[0.675s] running install_egg_info
[0.676s] removing '/home/prjadmin/Desktop/kipp_resources/install/kipp_arm_description/lib/python3.10/site-packages/kipp_arm_description-0.0.0-py3.10.egg-info' (and everything under it)
[0.677s] Copying ../build/kipp_arm_description/kipp_arm_description.egg-info to /home/prjadmin/Desktop/kipp_resources/install/kipp_arm_description/lib/python3.10/site-packages/kipp_arm_description-0.0.0-py3.10.egg-info
[0.677s] running install_scripts
[0.693s] writing list of installed files to '/home/prjadmin/Desktop/kipp_resources/build/kipp_arm_description/install.log'
[0.696s] running egg_info
[0.697s] writing ../build/kipp_arm_description/kipp_arm_description.egg-info/PKG-INFO
[0.697s] writing dependency_links to ../build/kipp_arm_description/kipp_arm_description.egg-info/dependency_links.txt
[0.697s] writing entry points to ../build/kipp_arm_description/kipp_arm_description.egg-info/entry_points.txt
[0.697s] writing requirements to ../build/kipp_arm_description/kipp_arm_description.egg-info/requires.txt
[0.697s] writing top-level names to ../build/kipp_arm_description/kipp_arm_description.egg-info/top_level.txt
[0.698s] reading manifest file '../build/kipp_arm_description/kipp_arm_description.egg-info/SOURCES.txt'
[0.698s] writing manifest file '../build/kipp_arm_description/kipp_arm_description.egg-info/SOURCES.txt'
[0.699s] running build
[0.699s] running build_py
[0.699s] running install
[0.699s] running install_lib
[0.699s] running install_data
[0.700s] running install_egg_info
[0.700s] removing '/home/prjadmin/Desktop/kipp_resources/install/kipp_arm_description/lib/python3.10/site-packages/kipp_arm_description-0.0.0-py3.10.egg-info' (and everything under it)
[0.700s] Copying ../build/kipp_arm_description/kipp_arm_description.egg-info to /home/prjadmin/Desktop/kipp_resources/install/kipp_arm_description/lib/python3.10/site-packages/kipp_arm_description-0.0.0-py3.10.egg-info
[0.700s] running install_scripts
[0.701s] writing list of installed files to '/home/prjadmin/Desktop/kipp_resources/build/kipp_arm_description/install.log'
[0.718s] Invoked command in '/home/prjadmin/Desktop/kipp_resources/kipp_arm_description' returned '0': PYTHONPATH=/home/prjadmin/Desktop/kipp_resources/build/kipp_arm_description/prefix_override:/usr/lib/python3/dist-packages/colcon_core/task/python/colcon_distutils_commands:/home/prjadmin/Desktop/kipp_resources/install/kipp_arm_description/lib/python3.10/site-packages:${PYTHONPATH} /usr/bin/python3 -W ignore:setup.py install is deprecated setup.py egg_info --egg-base ../build/kipp_arm_description build --build-base /home/prjadmin/Desktop/kipp_resources/build/kipp_arm_description/build install --record /home/prjadmin/Desktop/kipp_resources/build/kipp_arm_description/install.log --single-version-externally-managed install_data
