[0.513s] Invoking command in '/home/prjadmin/Desktop/kipp_resources/kipp_arm_description': PYTHONPATH=/home/prjadmin/Desktop/kipp_resources/build/kipp_arm_description/prefix_override:/usr/lib/python3/dist-packages/colcon_core/task/python/colcon_distutils_commands:/home/prjadmin/Desktop/kipp_resources/install/kipp_arm_description/lib/python3.10/site-packages:${PYTHONPATH} /usr/bin/python3 -W ignore:setup.py install is deprecated setup.py egg_info --egg-base ../build/kipp_arm_description build --build-base /home/prjadmin/Desktop/kipp_resources/build/kipp_arm_description/build install --record /home/prjadmin/Desktop/kipp_resources/build/kipp_arm_description/install.log --single-version-externally-managed install_data
[0.698s] running egg_info
[0.698s] writing ../build/kipp_arm_description/kipp_arm_description.egg-info/PKG-INFO
[0.698s] writing dependency_links to ../build/kipp_arm_description/kipp_arm_description.egg-info/dependency_links.txt
[0.698s] writing entry points to ../build/kipp_arm_description/kipp_arm_description.egg-info/entry_points.txt
[0.699s] writing requirements to ../build/kipp_arm_description/kipp_arm_description.egg-info/requires.txt
[0.699s] writing top-level names to ../build/kipp_arm_description/kipp_arm_description.egg-info/top_level.txt
[0.700s] reading manifest file '../build/kipp_arm_description/kipp_arm_description.egg-info/SOURCES.txt'
[0.701s] writing manifest file '../build/kipp_arm_description/kipp_arm_description.egg-info/SOURCES.txt'
[0.701s] running build
[0.701s] running build_py
[0.701s] running install
[0.701s] running install_lib
[0.702s] running install_data
[0.703s] running install_egg_info
[0.704s] removing '/home/prjadmin/Desktop/kipp_resources/install/kipp_arm_description/lib/python3.10/site-packages/kipp_arm_description-0.0.0-py3.10.egg-info' (and everything under it)
[0.704s] Copying ../build/kipp_arm_description/kipp_arm_description.egg-info to /home/prjadmin/Desktop/kipp_resources/install/kipp_arm_description/lib/python3.10/site-packages/kipp_arm_description-0.0.0-py3.10.egg-info
[0.705s] running install_scripts
[0.721s] writing list of installed files to '/home/prjadmin/Desktop/kipp_resources/build/kipp_arm_description/install.log'
[0.725s] running egg_info
[0.726s] writing ../build/kipp_arm_description/kipp_arm_description.egg-info/PKG-INFO
[0.726s] writing dependency_links to ../build/kipp_arm_description/kipp_arm_description.egg-info/dependency_links.txt
[0.726s] writing entry points to ../build/kipp_arm_description/kipp_arm_description.egg-info/entry_points.txt
[0.726s] writing requirements to ../build/kipp_arm_description/kipp_arm_description.egg-info/requires.txt
[0.726s] writing top-level names to ../build/kipp_arm_description/kipp_arm_description.egg-info/top_level.txt
[0.726s] reading manifest file '../build/kipp_arm_description/kipp_arm_description.egg-info/SOURCES.txt'
[0.727s] writing manifest file '../build/kipp_arm_description/kipp_arm_description.egg-info/SOURCES.txt'
[0.727s] running build
[0.727s] running build_py
[0.727s] running install
[0.727s] running install_lib
[0.728s] running install_data
[0.728s] running install_egg_info
[0.729s] removing '/home/prjadmin/Desktop/kipp_resources/install/kipp_arm_description/lib/python3.10/site-packages/kipp_arm_description-0.0.0-py3.10.egg-info' (and everything under it)
[0.729s] Copying ../build/kipp_arm_description/kipp_arm_description.egg-info to /home/prjadmin/Desktop/kipp_resources/install/kipp_arm_description/lib/python3.10/site-packages/kipp_arm_description-0.0.0-py3.10.egg-info
[0.730s] running install_scripts
[0.731s] writing list of installed files to '/home/prjadmin/Desktop/kipp_resources/build/kipp_arm_description/install.log'
[0.749s] Invoked command in '/home/prjadmin/Desktop/kipp_resources/kipp_arm_description' returned '0': PYTHONPATH=/home/prjadmin/Desktop/kipp_resources/build/kipp_arm_description/prefix_override:/usr/lib/python3/dist-packages/colcon_core/task/python/colcon_distutils_commands:/home/prjadmin/Desktop/kipp_resources/install/kipp_arm_description/lib/python3.10/site-packages:${PYTHONPATH} /usr/bin/python3 -W ignore:setup.py install is deprecated setup.py egg_info --egg-base ../build/kipp_arm_description build --build-base /home/prjadmin/Desktop/kipp_resources/build/kipp_arm_description/build install --record /home/prjadmin/Desktop/kipp_resources/build/kipp_arm_description/install.log --single-version-externally-managed install_data
