running egg_info
writing ../build/kipp_arm_description/kipp_arm_description.egg-info/PKG-INFO
writing dependency_links to ../build/kipp_arm_description/kipp_arm_description.egg-info/dependency_links.txt
writing entry points to ../build/kipp_arm_description/kipp_arm_description.egg-info/entry_points.txt
writing requirements to ../build/kipp_arm_description/kipp_arm_description.egg-info/requires.txt
writing top-level names to ../build/kipp_arm_description/kipp_arm_description.egg-info/top_level.txt
reading manifest file '../build/kipp_arm_description/kipp_arm_description.egg-info/SOURCES.txt'
writing manifest file '../build/kipp_arm_description/kipp_arm_description.egg-info/SOURCES.txt'
running build
running build_py
running install
running install_lib
running install_data
running install_egg_info
removing '/home/prjadmin/Desktop/kipp_resources/install/kipp_arm_description/lib/python3.10/site-packages/kipp_arm_description-0.0.0-py3.10.egg-info' (and everything under it)
Copying ../build/kipp_arm_description/kipp_arm_description.egg-info to /home/prjadmin/Desktop/kipp_resources/install/kipp_arm_description/lib/python3.10/site-packages/kipp_arm_description-0.0.0-py3.10.egg-info
running install_scripts
writing list of installed files to '/home/prjadmin/Desktop/kipp_resources/build/kipp_arm_description/install.log'
running egg_info
writing ../build/kipp_arm_description/kipp_arm_description.egg-info/PKG-INFO
writing dependency_links to ../build/kipp_arm_description/kipp_arm_description.egg-info/dependency_links.txt
writing entry points to ../build/kipp_arm_description/kipp_arm_description.egg-info/entry_points.txt
writing requirements to ../build/kipp_arm_description/kipp_arm_description.egg-info/requires.txt
writing top-level names to ../build/kipp_arm_description/kipp_arm_description.egg-info/top_level.txt
reading manifest file '../build/kipp_arm_description/kipp_arm_description.egg-info/SOURCES.txt'
writing manifest file '../build/kipp_arm_description/kipp_arm_description.egg-info/SOURCES.txt'
running build
running build_py
running install
running install_lib
running install_data
running install_egg_info
removing '/home/prjadmin/Desktop/kipp_resources/install/kipp_arm_description/lib/python3.10/site-packages/kipp_arm_description-0.0.0-py3.10.egg-info' (and everything under it)
Copying ../build/kipp_arm_description/kipp_arm_description.egg-info to /home/prjadmin/Desktop/kipp_resources/install/kipp_arm_description/lib/python3.10/site-packages/kipp_arm_description-0.0.0-py3.10.egg-info
running install_scripts
writing list of installed files to '/home/prjadmin/Desktop/kipp_resources/build/kipp_arm_description/install.log'
