/home/prjadmin/Desktop/kipp_resources/install/kipp_arm_description/lib/python3.10/site-packages/kipp_arm_description/__init__.py
/home/prjadmin/Desktop/kipp_resources/install/kipp_arm_description/lib/python3.10/site-packages/kipp_arm_description/__pycache__/__init__.cpython-310.pyc
/home/prjadmin/Desktop/kipp_resources/install/kipp_arm_description/share/ament_index/resource_index/packages/kipp_arm_description
/home/prjadmin/Desktop/kipp_resources/install/kipp_arm_description/share/kipp_arm_description/package.xml
/home/prjadmin/Desktop/kipp_resources/install/kipp_arm_description/share/kipp_arm_description/launch/display.launch.py
/home/prjadmin/Desktop/kipp_resources/install/kipp_arm_description/share/kipp_arm_description/meshes/link3.stl
/home/prjadmin/Desktop/kipp_resources/install/kipp_arm_description/share/kipp_arm_description/meshes/base_link.stl
/home/prjadmin/Desktop/kipp_resources/install/kipp_arm_description/share/kipp_arm_description/meshes/link1.stl
/home/prjadmin/Desktop/kipp_resources/install/kipp_arm_description/share/kipp_arm_description/meshes/link2.stl
/home/prjadmin/Desktop/kipp_resources/install/kipp_arm_description/share/kipp_arm_description/meshes/link5.stl
/home/prjadmin/Desktop/kipp_resources/install/kipp_arm_description/share/kipp_arm_description/meshes/base_drum.stl
/home/prjadmin/Desktop/kipp_resources/install/kipp_arm_description/share/kipp_arm_description/meshes/link4.stl
/home/prjadmin/Desktop/kipp_resources/install/kipp_arm_description/share/kipp_arm_description/urdf/SPEAR_Arm.urdf
/home/prjadmin/Desktop/kipp_resources/install/kipp_arm_description/share/kipp_arm_description/resource/urdf_config.rviz
/home/prjadmin/Desktop/kipp_resources/install/kipp_arm_description/lib/python3.10/site-packages/kipp_arm_description-0.0.0-py3.10.egg-info/dependency_links.txt
/home/prjadmin/Desktop/kipp_resources/install/kipp_arm_description/lib/python3.10/site-packages/kipp_arm_description-0.0.0-py3.10.egg-info/top_level.txt
/home/prjadmin/Desktop/kipp_resources/install/kipp_arm_description/lib/python3.10/site-packages/kipp_arm_description-0.0.0-py3.10.egg-info/SOURCES.txt
/home/prjadmin/Desktop/kipp_resources/install/kipp_arm_description/lib/python3.10/site-packages/kipp_arm_description-0.0.0-py3.10.egg-info/entry_points.txt
/home/prjadmin/Desktop/kipp_resources/install/kipp_arm_description/lib/python3.10/site-packages/kipp_arm_description-0.0.0-py3.10.egg-info/zip-safe
/home/prjadmin/Desktop/kipp_resources/install/kipp_arm_description/lib/python3.10/site-packages/kipp_arm_description-0.0.0-py3.10.egg-info/PKG-INFO
/home/prjadmin/Desktop/kipp_resources/install/kipp_arm_description/lib/python3.10/site-packages/kipp_arm_description-0.0.0-py3.10.egg-info/requires.txt
