running egg_info
creating ../build/kipp_arm_description/kipp_arm_description.egg-info
writing ../build/kipp_arm_description/kipp_arm_description.egg-info/PKG-INFO
writing dependency_links to ../build/kipp_arm_description/kipp_arm_description.egg-info/dependency_links.txt
writing entry points to ../build/kipp_arm_description/kipp_arm_description.egg-info/entry_points.txt
writing requirements to ../build/kipp_arm_description/kipp_arm_description.egg-info/requires.txt
writing top-level names to ../build/kipp_arm_description/kipp_arm_description.egg-info/top_level.txt
writing manifest file '../build/kipp_arm_description/kipp_arm_description.egg-info/SOURCES.txt'
reading manifest file '../build/kipp_arm_description/kipp_arm_description.egg-info/SOURCES.txt'
writing manifest file '../build/kipp_arm_description/kipp_arm_description.egg-info/SOURCES.txt'
running build
running build_py
creating /home/prjadmin/Desktop/kipp_resources/build/kipp_arm_description/build
creating /home/prjadmin/Desktop/kipp_resources/build/kipp_arm_description/build/lib
creating /home/prjadmin/Desktop/kipp_resources/build/kipp_arm_description/build/lib/kipp_arm_description
copying kipp_arm_description/__init__.py -> /home/prjadmin/Desktop/kipp_resources/build/kipp_arm_description/build/lib/kipp_arm_description
running install
running install_lib
creating /home/prjadmin/Desktop/kipp_resources/install/kipp_arm_description/lib/python3.10/site-packages/kipp_arm_description
copying /home/prjadmin/Desktop/kipp_resources/build/kipp_arm_description/build/lib/kipp_arm_description/__init__.py -> /home/prjadmin/Desktop/kipp_resources/install/kipp_arm_description/lib/python3.10/site-packages/kipp_arm_description
byte-compiling /home/prjadmin/Desktop/kipp_resources/install/kipp_arm_description/lib/python3.10/site-packages/kipp_arm_description/__init__.py to __init__.cpython-310.pyc
running install_data
creating /home/prjadmin/Desktop/kipp_resources/install/kipp_arm_description/share/ament_index
creating /home/prjadmin/Desktop/kipp_resources/install/kipp_arm_description/share/ament_index/resource_index
creating /home/prjadmin/Desktop/kipp_resources/install/kipp_arm_description/share/ament_index/resource_index/packages
copying resource/kipp_arm_description -> /home/prjadmin/Desktop/kipp_resources/install/kipp_arm_description/share/ament_index/resource_index/packages
copying package.xml -> /home/prjadmin/Desktop/kipp_resources/install/kipp_arm_description/share/kipp_arm_description
creating /home/prjadmin/Desktop/kipp_resources/install/kipp_arm_description/share/kipp_arm_description/launch
copying launch/display.launch.py -> /home/prjadmin/Desktop/kipp_resources/install/kipp_arm_description/share/kipp_arm_description/launch
creating /home/prjadmin/Desktop/kipp_resources/install/kipp_arm_description/share/kipp_arm_description/meshes
copying meshes/link3.stl -> /home/prjadmin/Desktop/kipp_resources/install/kipp_arm_description/share/kipp_arm_description/meshes
copying meshes/base_link.stl -> /home/prjadmin/Desktop/kipp_resources/install/kipp_arm_description/share/kipp_arm_description/meshes
copying meshes/link1.stl -> /home/prjadmin/Desktop/kipp_resources/install/kipp_arm_description/share/kipp_arm_description/meshes
copying meshes/link2.stl -> /home/prjadmin/Desktop/kipp_resources/install/kipp_arm_description/share/kipp_arm_description/meshes
copying meshes/link5.stl -> /home/prjadmin/Desktop/kipp_resources/install/kipp_arm_description/share/kipp_arm_description/meshes
copying meshes/base_drum.stl -> /home/prjadmin/Desktop/kipp_resources/install/kipp_arm_description/share/kipp_arm_description/meshes
copying meshes/link4.stl -> /home/prjadmin/Desktop/kipp_resources/install/kipp_arm_description/share/kipp_arm_description/meshes
creating /home/prjadmin/Desktop/kipp_resources/install/kipp_arm_description/share/kipp_arm_description/urdf
copying urdf/SPEAR_Arm.urdf -> /home/prjadmin/Desktop/kipp_resources/install/kipp_arm_description/share/kipp_arm_description/urdf
running install_egg_info
Copying ../build/kipp_arm_description/kipp_arm_description.egg-info to /home/prjadmin/Desktop/kipp_resources/install/kipp_arm_description/lib/python3.10/site-packages/kipp_arm_description-0.0.0-py3.10.egg-info
running install_scripts
writing list of installed files to '/home/prjadmin/Desktop/kipp_resources/build/kipp_arm_description/install.log'
running egg_info
writing ../build/kipp_arm_description/kipp_arm_description.egg-info/PKG-INFO
writing dependency_links to ../build/kipp_arm_description/kipp_arm_description.egg-info/dependency_links.txt
writing entry points to ../build/kipp_arm_description/kipp_arm_description.egg-info/entry_points.txt
writing requirements to ../build/kipp_arm_description/kipp_arm_description.egg-info/requires.txt
writing top-level names to ../build/kipp_arm_description/kipp_arm_description.egg-info/top_level.txt
reading manifest file '../build/kipp_arm_description/kipp_arm_description.egg-info/SOURCES.txt'
writing manifest file '../build/kipp_arm_description/kipp_arm_description.egg-info/SOURCES.txt'
running build
running build_py
running install
running install_lib
running install_data
running install_egg_info
removing '/home/prjadmin/Desktop/kipp_resources/install/kipp_arm_description/lib/python3.10/site-packages/kipp_arm_description-0.0.0-py3.10.egg-info' (and everything under it)
Copying ../build/kipp_arm_description/kipp_arm_description.egg-info to /home/prjadmin/Desktop/kipp_resources/install/kipp_arm_description/lib/python3.10/site-packages/kipp_arm_description-0.0.0-py3.10.egg-info
running install_scripts
writing list of installed files to '/home/prjadmin/Desktop/kipp_resources/build/kipp_arm_description/install.log'
