[0.497s] Invoking command in '/home/prjadmin/Desktop/kipp_resources/kipp_arm_description': PYTHONPATH=/home/prjadmin/Desktop/kipp_resources/build/kipp_arm_description/prefix_override:/usr/lib/python3/dist-packages/colcon_core/task/python/colcon_distutils_commands:/home/prjadmin/Desktop/kipp_resources/install/kipp_arm_description/lib/python3.10/site-packages:${PYTHONPATH} /usr/bin/python3 -W ignore:setup.py install is deprecated setup.py egg_info --egg-base ../build/kipp_arm_description build --build-base /home/prjadmin/Desktop/kipp_resources/build/kipp_arm_description/build install --record /home/prjadmin/Desktop/kipp_resources/build/kipp_arm_description/install.log --single-version-externally-managed install_data
[0.666s] running egg_info
[0.666s] creating ../build/kipp_arm_description/kipp_arm_description.egg-info
[0.667s] writing ../build/kipp_arm_description/kipp_arm_description.egg-info/PKG-INFO
[0.667s] writing dependency_links to ../build/kipp_arm_description/kipp_arm_description.egg-info/dependency_links.txt
[0.667s] writing entry points to ../build/kipp_arm_description/kipp_arm_description.egg-info/entry_points.txt
[0.667s] writing requirements to ../build/kipp_arm_description/kipp_arm_description.egg-info/requires.txt
[0.667s] writing top-level names to ../build/kipp_arm_description/kipp_arm_description.egg-info/top_level.txt
[0.667s] writing manifest file '../build/kipp_arm_description/kipp_arm_description.egg-info/SOURCES.txt'
[0.668s] reading manifest file '../build/kipp_arm_description/kipp_arm_description.egg-info/SOURCES.txt'
[0.669s] writing manifest file '../build/kipp_arm_description/kipp_arm_description.egg-info/SOURCES.txt'
[0.669s] running build
[0.669s] running build_py
[0.669s] creating /home/prjadmin/Desktop/kipp_resources/build/kipp_arm_description/build
[0.669s] creating /home/prjadmin/Desktop/kipp_resources/build/kipp_arm_description/build/lib
[0.669s] creating /home/prjadmin/Desktop/kipp_resources/build/kipp_arm_description/build/lib/kipp_arm_description
[0.669s] copying kipp_arm_description/__init__.py -> /home/prjadmin/Desktop/kipp_resources/build/kipp_arm_description/build/lib/kipp_arm_description
[0.669s] running install
[0.669s] running install_lib
[0.670s] creating /home/prjadmin/Desktop/kipp_resources/install/kipp_arm_description/lib/python3.10/site-packages/kipp_arm_description
[0.670s] copying /home/prjadmin/Desktop/kipp_resources/build/kipp_arm_description/build/lib/kipp_arm_description/__init__.py -> /home/prjadmin/Desktop/kipp_resources/install/kipp_arm_description/lib/python3.10/site-packages/kipp_arm_description
[0.670s] byte-compiling /home/prjadmin/Desktop/kipp_resources/install/kipp_arm_description/lib/python3.10/site-packages/kipp_arm_description/__init__.py to __init__.cpython-310.pyc
[0.670s] running install_data
[0.671s] creating /home/prjadmin/Desktop/kipp_resources/install/kipp_arm_description/share/ament_index
[0.671s] creating /home/prjadmin/Desktop/kipp_resources/install/kipp_arm_description/share/ament_index/resource_index
[0.671s] creating /home/prjadmin/Desktop/kipp_resources/install/kipp_arm_description/share/ament_index/resource_index/packages
[0.671s] copying resource/kipp_arm_description -> /home/prjadmin/Desktop/kipp_resources/install/kipp_arm_description/share/ament_index/resource_index/packages
[0.671s] copying package.xml -> /home/prjadmin/Desktop/kipp_resources/install/kipp_arm_description/share/kipp_arm_description
[0.671s] creating /home/prjadmin/Desktop/kipp_resources/install/kipp_arm_description/share/kipp_arm_description/launch
[0.671s] copying launch/display.launch.py -> /home/prjadmin/Desktop/kipp_resources/install/kipp_arm_description/share/kipp_arm_description/launch
[0.671s] creating /home/prjadmin/Desktop/kipp_resources/install/kipp_arm_description/share/kipp_arm_description/meshes
[0.671s] copying meshes/link3.stl -> /home/prjadmin/Desktop/kipp_resources/install/kipp_arm_description/share/kipp_arm_description/meshes
[0.674s] copying meshes/base_link.stl -> /home/prjadmin/Desktop/kipp_resources/install/kipp_arm_description/share/kipp_arm_description/meshes
[0.677s] copying meshes/link1.stl -> /home/prjadmin/Desktop/kipp_resources/install/kipp_arm_description/share/kipp_arm_description/meshes
[0.680s] copying meshes/link2.stl -> /home/prjadmin/Desktop/kipp_resources/install/kipp_arm_description/share/kipp_arm_description/meshes
[0.683s] copying meshes/link5.stl -> /home/prjadmin/Desktop/kipp_resources/install/kipp_arm_description/share/kipp_arm_description/meshes
[0.685s] copying meshes/base_drum.stl -> /home/prjadmin/Desktop/kipp_resources/install/kipp_arm_description/share/kipp_arm_description/meshes
[0.688s] copying meshes/link4.stl -> /home/prjadmin/Desktop/kipp_resources/install/kipp_arm_description/share/kipp_arm_description/meshes
[0.693s] creating /home/prjadmin/Desktop/kipp_resources/install/kipp_arm_description/share/kipp_arm_description/urdf
[0.693s] copying urdf/SPEAR_Arm.urdf -> /home/prjadmin/Desktop/kipp_resources/install/kipp_arm_description/share/kipp_arm_description/urdf
[0.693s] running install_egg_info
[0.695s] Copying ../build/kipp_arm_description/kipp_arm_description.egg-info to /home/prjadmin/Desktop/kipp_resources/install/kipp_arm_description/lib/python3.10/site-packages/kipp_arm_description-0.0.0-py3.10.egg-info
[0.695s] running install_scripts
[0.712s] writing list of installed files to '/home/prjadmin/Desktop/kipp_resources/build/kipp_arm_description/install.log'
[0.716s] running egg_info
[0.716s] writing ../build/kipp_arm_description/kipp_arm_description.egg-info/PKG-INFO
[0.717s] writing dependency_links to ../build/kipp_arm_description/kipp_arm_description.egg-info/dependency_links.txt
[0.717s] writing entry points to ../build/kipp_arm_description/kipp_arm_description.egg-info/entry_points.txt
[0.717s] writing requirements to ../build/kipp_arm_description/kipp_arm_description.egg-info/requires.txt
[0.717s] writing top-level names to ../build/kipp_arm_description/kipp_arm_description.egg-info/top_level.txt
[0.717s] reading manifest file '../build/kipp_arm_description/kipp_arm_description.egg-info/SOURCES.txt'
[0.718s] writing manifest file '../build/kipp_arm_description/kipp_arm_description.egg-info/SOURCES.txt'
[0.718s] running build
[0.718s] running build_py
[0.718s] running install
[0.718s] running install_lib
[0.718s] running install_data
[0.719s] running install_egg_info
[0.719s] removing '/home/prjadmin/Desktop/kipp_resources/install/kipp_arm_description/lib/python3.10/site-packages/kipp_arm_description-0.0.0-py3.10.egg-info' (and everything under it)
[0.719s] Copying ../build/kipp_arm_description/kipp_arm_description.egg-info to /home/prjadmin/Desktop/kipp_resources/install/kipp_arm_description/lib/python3.10/site-packages/kipp_arm_description-0.0.0-py3.10.egg-info
[0.719s] running install_scripts
[0.721s] writing list of installed files to '/home/prjadmin/Desktop/kipp_resources/build/kipp_arm_description/install.log'
[0.739s] Invoked command in '/home/prjadmin/Desktop/kipp_resources/kipp_arm_description' returned '0': PYTHONPATH=/home/prjadmin/Desktop/kipp_resources/build/kipp_arm_description/prefix_override:/usr/lib/python3/dist-packages/colcon_core/task/python/colcon_distutils_commands:/home/prjadmin/Desktop/kipp_resources/install/kipp_arm_description/lib/python3.10/site-packages:${PYTHONPATH} /usr/bin/python3 -W ignore:setup.py install is deprecated setup.py egg_info --egg-base ../build/kipp_arm_description build --build-base /home/prjadmin/Desktop/kipp_resources/build/kipp_arm_description/build install --record /home/prjadmin/Desktop/kipp_resources/build/kipp_arm_description/install.log --single-version-externally-managed install_data
